#
# There is insufficient memory for the Java Runtime Environment to continue.
# Native memory allocation (malloc) failed to allocate 1167696 bytes for Chunk::new
# Possible reasons:
#   The system is out of physical RAM or swap space
#   In 32 bit mode, the process size limit was hit
# Possible solutions:
#   Reduce memory load on the system
#   Increase physical memory or swap space
#   Check if swap backing store is full
#   Use 64 bit Java on a 64 bit OS
#   Decrease Java heap size (-Xmx/-Xms)
#   Decrease number of Java threads
#   Decrease Java thread stack sizes (-Xss)
#   Set larger code cache with -XX:ReservedCodeCacheSize=
# This output file may be truncated or incomplete.
#
#  Out of Memory Error (allocation.cpp:390), pid=20100, tid=0x0000000000004ed4
#
# JRE version: OpenJDK Runtime Environment (8.0_152-b06) (build 1.8.0_152-release-1136-b06)
# Java VM: OpenJDK 64-Bit Server VM (25.152-b06 mixed mode windows-amd64 compressed oops)
# Failed to write core dump. Minidumps are not enabled by default on client versions of Windows
#

---------------  T H R E A D  ---------------

Current thread (0x0000000016739800):  JavaThread "C2 CompilerThread0" daemon [_thread_in_native, id=20180, stack(0x0000000017da0000,0x0000000017ea0000)]

Stack: [0x0000000017da0000,0x0000000017ea0000]
[error occurred during error reporting (printing stack bounds), id 0xc0000005]

Native frames: (J=compiled Java code, j=interpreted, Vv=VM code, C=native code)


Current CompileTask:
C2:4030818 22776       4       com.android.tools.r8.ir.conversion.IRBuilder::addInstruction (358 bytes)


---------------  P R O C E S S  ---------------

Java Threads: ( => current thread )
  0x000000001c46f800 JavaThread "ForkJoinPool.commonPool-worker-0" daemon [_thread_blocked, id=6152, stack(0x0000000047210000,0x0000000047310000)]
  0x000000001c46e000 JavaThread "ForkJoinPool.commonPool-worker-3" daemon [_thread_blocked, id=18488, stack(0x0000000047110000,0x0000000047210000)]
  0x000000001c466800 JavaThread "ForkJoinPool.commonPool-worker-2" daemon [_thread_blocked, id=11924, stack(0x0000000047010000,0x0000000047110000)]
  0x000000001c466000 JavaThread "Cache worker for Java compile cache (D:\Projects\dev\EasyScreenshot\.gradle\4.4\javaCompile)" [_thread_blocked, id=4164, stack(0x0000000046f10000,0x0000000047010000)]
  0x000000001ba89000 JavaThread "Cache worker for Build Output Cleanup Cache (D:\Projects\dev\EasyScreenshot\.gradle\buildOutputCleanup)" [_thread_blocked, id=13036, stack(0x0000000046b10000,0x0000000046c10000)]
  0x000000001ba7d000 JavaThread "build operations Thread 4" [_thread_blocked, id=15452, stack(0x0000000046810000,0x0000000046910000)]
  0x000000001ba83800 JavaThread "build operations Thread 3" [_thread_blocked, id=13928, stack(0x0000000046710000,0x0000000046810000)]
  0x000000001ba7c000 JavaThread "build operations Thread 2" [_thread_blocked, id=15892, stack(0x0000000046610000,0x0000000046710000)]
  0x000000001ba83000 JavaThread "build operations" [_thread_blocked, id=14360, stack(0x0000000046510000,0x0000000046610000)]
  0x000000001ba82000 JavaThread "Cache worker for Artifact transforms cache (C:\Users\IFISOL\.gradle\caches\transforms-1)" [_thread_blocked, id=13744, stack(0x0000000046410000,0x0000000046510000)]
  0x000000001ba80000 JavaThread "Cache worker for file hash cache (D:\Projects\dev\EasyScreenshot\.gradle\4.4\fileHashes)" [_thread_blocked, id=16988, stack(0x0000000046310000,0x0000000046410000)]
  0x000000001ba79800 JavaThread "Stdin handler" [_thread_blocked, id=1972, stack(0x0000000046210000,0x0000000046310000)]
  0x000000001ba7a800 JavaThread "Asynchronous log dispatcher for DefaultDaemonConnection: socket connection from /127.0.0.1:56896 to /127.0.0.1:58561" [_thread_in_Java, id=14836, stack(0x0000000046110000,0x0000000046210000)]
  0x000000001ba7e800 JavaThread "Daemon worker Thread 14" [_thread_in_native, id=16668, stack(0x0000000046010000,0x0000000046110000)]
  0x000000001ba7d800 JavaThread "Cancel handler" [_thread_blocked, id=17328, stack(0x0000000045f10000,0x0000000046010000)]
  0x000000001ba80800 JavaThread "Handler for socket connection from /127.0.0.1:56896 to /127.0.0.1:58561" [_thread_in_native, id=8124, stack(0x0000000045e10000,0x0000000045f10000)]
  0x000000001ba7f000 JavaThread "Daemon Thread 14" [_thread_blocked, id=18576, stack(0x0000000045d10000,0x0000000045e10000)]
  0x0000000019bb8000 JavaThread "Memory manager" [_thread_blocked, id=7440, stack(0x0000000020f20000,0x0000000021020000)]
  0x0000000019bbc800 JavaThread "pool-1-thread-1" [_thread_blocked, id=15512, stack(0x0000000020c20000,0x0000000020d20000)]
  0x00000000199da000 JavaThread "File lock request listener" [_thread_in_native, id=7932, stack(0x000000001b1f0000,0x000000001b2f0000)]
  0x00000000194f7000 JavaThread "Cache worker for file hash cache (C:\Users\IFISOL\.gradle\caches\4.4\fileHashes)" [_thread_blocked, id=3684, stack(0x000000001b0f0000,0x000000001b1f0000)]
  0x00000000197bc000 JavaThread "Daemon periodic checks" [_thread_blocked, id=8760, stack(0x000000001a6f0000,0x000000001a7f0000)]
  0x0000000019727800 JavaThread "Incoming local TCP Connector on port 56896" [_thread_in_native, id=16764, stack(0x000000001a3b0000,0x000000001a4b0000)]
  0x00000000180c8800 JavaThread "Service Thread" daemon [_thread_blocked, id=20028, stack(0x00000000184a0000,0x00000000185a0000)]
  0x000000001674b800 JavaThread "C1 CompilerThread2" daemon [_thread_blocked, id=17040, stack(0x0000000017fa0000,0x00000000180a0000)]
  0x000000001673e800 JavaThread "C2 CompilerThread1" daemon [_thread_in_native, id=19796, stack(0x0000000017ea0000,0x0000000017fa0000)]
=>0x0000000016739800 JavaThread "C2 CompilerThread0" daemon [_thread_in_native, id=20180, stack(0x0000000017da0000,0x0000000017ea0000)]
  0x0000000016747800 JavaThread "Attach Listener" daemon [_thread_blocked, id=7152, stack(0x0000000017ca0000,0x0000000017da0000)]
  0x0000000016746000 JavaThread "Signal Dispatcher" daemon [_thread_blocked, id=2548, stack(0x0000000017ba0000,0x0000000017ca0000)]
  0x0000000002d9c800 JavaThread "Finalizer" daemon [_thread_blocked, id=19724, stack(0x00000000179a0000,0x0000000017aa0000)]
  0x0000000002d91800 JavaThread "Reference Handler" daemon [_thread_blocked, id=19296, stack(0x00000000178a0000,0x00000000179a0000)]
  0x0000000002b8d800 JavaThread "main" [_thread_blocked, id=2308, stack(0x0000000002b90000,0x0000000002c90000)]

Other Threads:
  0x0000000016706000 VMThread [stack: 0x00000000177a0000,0x00000000178a0000] [id=11344]
  0x00000000180ca000 WatcherThread [stack: 0x00000000185a0000,0x00000000186a0000] [id=13832]

VM state:not at safepoint (normal execution)

VM Mutex/Monitor currently owned by a thread: None

Heap:
 PSYoungGen      total 219136K, used 81933K [0x00000000e0000000, 0x00000000efb00000, 0x0000000100000000)
  eden space 195584K, 38% used [0x00000000e0000000,0x00000000e48af398,0x00000000ebf00000)
  from space 23552K, 31% used [0x00000000ee400000,0x00000000eeb541f0,0x00000000efb00000)
  to   space 30720K, 0% used [0x00000000ebf00000,0x00000000ebf00000,0x00000000edd00000)
 ParOldGen       total 210432K, used 56082K [0x00000000a0000000, 0x00000000acd80000, 0x00000000e0000000)
  object space 210432K, 26% used [0x00000000a0000000,0x00000000a36c48c8,0x00000000acd80000)
 Metaspace       used 83139K, capacity 89214K, committed 89472K, reserved 1126400K
  class space    used 10492K, capacity 11568K, committed 11648K, reserved 1048576K

Card table byte_map: [0x0000000012170000,0x0000000012480000] byte_map_base: 0x0000000011c70000

Marking Bits: (ParMarkBitMap*) 0x0000000064045aa0
 Begin Bits: [0x0000000012a80000, 0x0000000014280000)
 End Bits:   [0x0000000014280000, 0x0000000015a80000)

Polling page: 0x0000000000ea0000

CodeCache: size=245760Kb used=63336Kb max_used=63352Kb free=182423Kb
 bounds [0x0000000002db0000, 0x0000000006c10000, 0x0000000011db0000]
 total_blobs=18589 nmethods=17751 adapters=749
 compilation: enabled

Compilation events (10 events):
Event: 4030.202 Thread 0x000000001674b800 22815       3       org.codehaus.groovy.runtime.StackTraceUtils::isApplicationClass (84 bytes)
Event: 4030.203 Thread 0x000000001674b800 nmethod 22815 0x0000000003117950 code [0x0000000003117b40, 0x0000000003118478]
Event: 4030.204 Thread 0x000000001674b800 22817       3       java.lang.StackTraceElement::equals (80 bytes)
Event: 4030.205 Thread 0x000000001674b800 nmethod 22817 0x0000000006af7e10 code [0x0000000006af7fe0, 0x0000000006af8868]
Event: 4030.207 Thread 0x000000001674b800 22814       1       java.lang.StackTraceElement::getFileName (5 bytes)
Event: 4030.207 Thread 0x000000001674b800 nmethod 22814 0x0000000004467050 code [0x00000000044671a0, 0x00000000044672b0]
Event: 4030.209 Thread 0x000000001674b800 22818       3       org.gradle.internal.service.DefaultServiceRegistry$CachingProvider::stop (28 bytes)
Event: 4030.209 Thread 0x000000001674b800 nmethod 22818 0x000000000370bd50 code [0x000000000370bee0, 0x000000000370c288]
Event: 4030.211 Thread 0x000000001674b800 22819       1       org.gradle.internal.logging.events.StyledTextOutputEvent::getSpans (5 bytes)
Event: 4030.211 Thread 0x000000001674b800 nmethod 22819 0x000000000370ba90 code [0x000000000370bbe0, 0x000000000370bcf0]

GC Heap History (10 events):
Event: 3540.917 GC heap before
{Heap before GC invocations=23 (full 3):
 PSYoungGen      total 243200K, used 242979K [0x00000000e0000000, 0x00000000f1400000, 0x0000000100000000)
  eden space 224256K, 100% used [0x00000000e0000000,0x00000000edb00000,0x00000000edb00000)
  from space 18944K, 98% used [0x00000000ee180000,0x00000000ef3c8cb0,0x00000000ef400000)
  to   space 29184K, 0% used [0x00000000ef780000,0x00000000ef780000,0x00000000f1400000)
 ParOldGen       total 210432K, used 45398K [0x00000000a0000000, 0x00000000acd80000, 0x00000000e0000000)
  object space 210432K, 21% used [0x00000000a0000000,0x00000000a2c55a60,0x00000000acd80000)
 Metaspace       used 81689K, capacity 86670K, committed 86784K, reserved 1124352K
  class space    used 10294K, capacity 11232K, committed 11264K, reserved 1048576K
Event: 3540.962 GC heap after
Heap after GC invocations=23 (full 3):
 PSYoungGen      total 240128K, used 16863K [0x00000000e0000000, 0x00000000f0d00000, 0x0000000100000000)
  eden space 218112K, 0% used [0x00000000e0000000,0x00000000e0000000,0x00000000ed500000)
  from space 22016K, 76% used [0x00000000ef780000,0x00000000f07f7cb8,0x00000000f0d00000)
  to   space 28672K, 0% used [0x00000000ed500000,0x00000000ed500000,0x00000000ef100000)
 ParOldGen       total 210432K, used 45406K [0x00000000a0000000, 0x00000000acd80000, 0x00000000e0000000)
  object space 210432K, 21% used [0x00000000a0000000,0x00000000a2c57a60,0x00000000acd80000)
 Metaspace       used 81689K, capacity 86670K, committed 86784K, reserved 1124352K
  class space    used 10294K, capacity 11232K, committed 11264K, reserved 1048576K
}
Event: 3610.398 GC heap before
{Heap before GC invocations=24 (full 3):
 PSYoungGen      total 240128K, used 234975K [0x00000000e0000000, 0x00000000f0d00000, 0x0000000100000000)
  eden space 218112K, 100% used [0x00000000e0000000,0x00000000ed500000,0x00000000ed500000)
  from space 22016K, 76% used [0x00000000ef780000,0x00000000f07f7cb8,0x00000000f0d00000)
  to   space 28672K, 0% used [0x00000000ed500000,0x00000000ed500000,0x00000000ef100000)
 ParOldGen       total 210432K, used 45406K [0x00000000a0000000, 0x00000000acd80000, 0x00000000e0000000)
  object space 210432K, 21% used [0x00000000a0000000,0x00000000a2c57a60,0x00000000acd80000)
 Metaspace       used 82440K, capacity 88320K, committed 88576K, reserved 1126400K
  class space    used 10425K, capacity 11475K, committed 11520K, reserved 1048576K
Event: 3610.429 GC heap after
Heap after GC invocations=24 (full 3):
 PSYoungGen      total 228352K, used 16147K [0x00000000e0000000, 0x00000000f0500000, 0x0000000100000000)
  eden space 211968K, 0% used [0x00000000e0000000,0x00000000e0000000,0x00000000ecf00000)
  from space 16384K, 98% used [0x00000000ed500000,0x00000000ee4c4d18,0x00000000ee500000)
  to   space 27648K, 0% used [0x00000000eea00000,0x00000000eea00000,0x00000000f0500000)
 ParOldGen       total 210432K, used 45414K [0x00000000a0000000, 0x00000000acd80000, 0x00000000e0000000)
  object space 210432K, 21% used [0x00000000a0000000,0x00000000a2c59a60,0x00000000acd80000)
 Metaspace       used 82440K, capacity 88320K, committed 88576K, reserved 1126400K
  class space    used 10425K, capacity 11475K, committed 11520K, reserved 1048576K
}
Event: 3913.276 GC heap before
{Heap before GC invocations=25 (full 3):
 PSYoungGen      total 228352K, used 228115K [0x00000000e0000000, 0x00000000f0500000, 0x0000000100000000)
  eden space 211968K, 100% used [0x00000000e0000000,0x00000000ecf00000,0x00000000ecf00000)
  from space 16384K, 98% used [0x00000000ed500000,0x00000000ee4c4d18,0x00000000ee500000)
  to   space 27648K, 0% used [0x00000000eea00000,0x00000000eea00000,0x00000000f0500000)
 ParOldGen       total 210432K, used 45414K [0x00000000a0000000, 0x00000000acd80000, 0x00000000e0000000)
  object space 210432K, 21% used [0x00000000a0000000,0x00000000a2c59a60,0x00000000acd80000)
 Metaspace       used 82730K, capacity 88818K, committed 88960K, reserved 1126400K
  class space    used 10464K, capacity 11546K, committed 11648K, reserved 1048576K
Event: 3913.301 GC heap after
Heap after GC invocations=25 (full 3):
 PSYoungGen      total 227328K, used 15769K [0x00000000e0000000, 0x00000000efe80000, 0x0000000100000000)
  eden space 206336K, 0% used [0x00000000e0000000,0x00000000e0000000,0x00000000ec980000)
  from space 20992K, 75% used [0x00000000eea00000,0x00000000ef966728,0x00000000efe80000)
  to   space 27136K, 0% used [0x00000000ec980000,0x00000000ec980000,0x00000000ee400000)
 ParOldGen       total 210432K, used 45422K [0x00000000a0000000, 0x00000000acd80000, 0x00000000e0000000)
  object space 210432K, 21% used [0x00000000a0000000,0x00000000a2c5ba60,0x00000000acd80000)
 Metaspace       used 82730K, capacity 88818K, committed 88960K, reserved 1126400K
  class space    used 10464K, capacity 11546K, committed 11648K, reserved 1048576K
}
Event: 3934.605 GC heap before
{Heap before GC invocations=26 (full 3):
 PSYoungGen      total 227328K, used 222105K [0x00000000e0000000, 0x00000000efe80000, 0x0000000100000000)
  eden space 206336K, 100% used [0x00000000e0000000,0x00000000ec980000,0x00000000ec980000)
  from space 20992K, 75% used [0x00000000eea00000,0x00000000ef966728,0x00000000efe80000)
  to   space 27136K, 0% used [0x00000000ec980000,0x00000000ec980000,0x00000000ee400000)
 ParOldGen       total 210432K, used 45422K [0x00000000a0000000, 0x00000000acd80000, 0x00000000e0000000)
  object space 210432K, 21% used [0x00000000a0000000,0x00000000a2c5ba60,0x00000000acd80000)
 Metaspace       used 82984K, capacity 89082K, committed 89216K, reserved 1126400K
  class space    used 10491K, capacity 11568K, committed 11648K, reserved 1048576K
Event: 3934.660 GC heap after
Heap after GC invocations=26 (full 3):
 PSYoungGen      total 227840K, used 27135K [0x00000000e0000000, 0x00000000eff00000, 0x0000000100000000)
  eden space 200704K, 0% used [0x00000000e0000000,0x00000000e0000000,0x00000000ec400000)
  from space 27136K, 99% used [0x00000000ec980000,0x00000000ee3ffd48,0x00000000ee400000)
  to   space 27648K, 0% used [0x00000000ee400000,0x00000000ee400000,0x00000000eff00000)
 ParOldGen       total 210432K, used 46800K [0x00000000a0000000, 0x00000000acd80000, 0x00000000e0000000)
  object space 210432K, 22% used [0x00000000a0000000,0x00000000a2db4290,0x00000000acd80000)
 Metaspace       used 82984K, capacity 89082K, committed 89216K, reserved 1126400K
  class space    used 10491K, capacity 11568K, committed 11648K, reserved 1048576K
}
Event: 4027.756 GC heap before
{Heap before GC invocations=27 (full 3):
 PSYoungGen      total 227840K, used 227839K [0x00000000e0000000, 0x00000000eff00000, 0x0000000100000000)
  eden space 200704K, 100% used [0x00000000e0000000,0x00000000ec400000,0x00000000ec400000)
  from space 27136K, 99% used [0x00000000ec980000,0x00000000ee3ffd48,0x00000000ee400000)
  to   space 27648K, 0% used [0x00000000ee400000,0x00000000ee400000,0x00000000eff00000)
 ParOldGen       total 210432K, used 46800K [0x00000000a0000000, 0x00000000acd80000, 0x00000000e0000000)
  object space 210432K, 22% used [0x00000000a0000000,0x00000000a2db4290,0x00000000acd80000)
 Metaspace       used 83046K, capacity 89146K, committed 89472K, reserved 1126400K
  class space    used 10491K, capacity 11568K, committed 11648K, reserved 1048576K
Event: 4027.792 GC heap after
Heap after GC invocations=27 (full 3):
 PSYoungGen      total 219136K, used 7504K [0x00000000e0000000, 0x00000000efb00000, 0x0000000100000000)
  eden space 195584K, 0% used [0x00000000e0000000,0x00000000e0000000,0x00000000ebf00000)
  from space 23552K, 31% used [0x00000000ee400000,0x00000000eeb541f0,0x00000000efb00000)
  to   space 30720K, 0% used [0x00000000ebf00000,0x00000000ebf00000,0x00000000edd00000)
 ParOldGen       total 210432K, used 56082K [0x00000000a0000000, 0x00000000acd80000, 0x00000000e0000000)
  object space 210432K, 26% used [0x00000000a0000000,0x00000000a36c48c8,0x00000000acd80000)
 Metaspace       used 83046K, capacity 89146K, committed 89472K, reserved 1126400K
  class space    used 10491K, capacity 11568K, committed 11648K, reserved 1048576K
}

Deoptimization events (10 events):
Event: 3916.221 Thread 0x000000001ba7c000 Uncommon trap: reason=unstable_if action=reinterpret pc=0x000000000336f640 method=org.gradle.tooling.internal.provider.runner.ClientForwardingBuildOperationListener.adaptResult(Lorg/gradle/internal/progress/OperationFinishEvent;)Lorg/gradle/tooling/intern
Event: 3916.384 Thread 0x000000001ba7a800 Uncommon trap: reason=predicate action=maybe_recompile pc=0x0000000004fdca14 method=java.util.ComparableTimSort.binarySort([Ljava/lang/Object;III)V @ 37
Event: 3916.385 Thread 0x000000001ba7a800 Uncommon trap: reason=unstable_if action=reinterpret pc=0x0000000004c72c7c method=org.gradle.internal.serialize.ExceptionReplacingObjectOutputStream.doReplaceObject(Ljava/lang/Object;)Ljava/lang/Object; @ 4
Event: 3933.995 Thread 0x000000001c472800 Uncommon trap: reason=null_check action=make_not_entrant pc=0x0000000005d12484 method=org.gradle.api.internal.AbstractClassGenerator.generateUnderLock(Ljava/lang/Class;)Ljava/lang/Class; @ 51
Event: 3934.554 Thread 0x000000001c472800 Uncommon trap: reason=unstable_if action=reinterpret pc=0x000000000517f8a8 method=com.sun.tools.javac.comp.Check.checkFlags(Lcom/sun/tools/javac/util/JCDiagnostic$DiagnosticPosition;JLcom/sun/tools/javac/code/Symbol;Lcom/sun/tools/javac/tree/JCTree;)J @ 1
Event: 3934.571 Thread 0x000000001c472800 Uncommon trap: reason=unstable_if action=reinterpret pc=0x00000000069ab9c0 method=com.sun.tools.javac.comp.Check.checkUnique(Lcom/sun/tools/javac/util/JCDiagnostic$DiagnosticPosition;Lcom/sun/tools/javac/code/Symbol;Lcom/sun/tools/javac/code/Scope;)Z @ 47
Event: 3937.290 Thread 0x000000001c472800 Uncommon trap: reason=bimorphic action=maybe_recompile pc=0x000000000570b5a4 method=com.google.common.collect.Iterables$6.iterator()Ljava/util/Iterator; @ 4
Event: 3937.466 Thread 0x000000001ba7c000 Uncommon trap: reason=null_check action=make_not_entrant pc=0x0000000004713a00 method=java.lang.ThreadLocal$ThreadLocalMap.getEntryAfterMiss(Ljava/lang/ThreadLocal;ILjava/lang/ThreadLocal$ThreadLocalMap$Entry;)Ljava/lang/ThreadLocal$ThreadLocalMap$Entry; 
Event: 3938.199 Thread 0x000000001ba7d800 Uncommon trap: reason=unstable_if action=reinterpret pc=0x00000000068f7c08 method=java.util.concurrent.ForkJoinTask.setCompletion(I)I @ 25
Event: 4030.199 Thread 0x000000001ba7e800 Uncommon trap: reason=bimorphic action=maybe_recompile pc=0x0000000003ab9cdc method=org.gradle.internal.logging.text.AbstractStyledTextOutput.text(Ljava/lang/Object;)Lorg/gradle/internal/logging/text/StyledTextOutput; @ 11

Classes redefined (0 events):
No events

Internal exceptions (10 events):
Event: 4027.586 Thread 0x000000001ba7e800 Exception <a 'sun/nio/fs/WindowsException'> (0x00000000ea6b8640) thrown at [D:\src\AOSP-openjdk-cygwin\jdk8u\hotspot\src\share\vm\prims\jni.cpp, line 709]
Event: 4027.586 Thread 0x000000001ba7e800 Exception <a 'sun/nio/fs/WindowsException'> (0x00000000ea6ba118) thrown at [D:\src\AOSP-openjdk-cygwin\jdk8u\hotspot\src\share\vm\prims\jni.cpp, line 709]
Event: 4027.586 Thread 0x000000001ba7e800 Exception <a 'sun/nio/fs/WindowsException'> (0x00000000ea6babe0) thrown at [D:\src\AOSP-openjdk-cygwin\jdk8u\hotspot\src\share\vm\prims\jni.cpp, line 709]
Event: 4027.587 Thread 0x000000001ba7e800 Exception <a 'sun/nio/fs/WindowsException'> (0x00000000ea6bd050) thrown at [D:\src\AOSP-openjdk-cygwin\jdk8u\hotspot\src\share\vm\prims\jni.cpp, line 709]
Event: 4027.587 Thread 0x000000001ba7e800 Exception <a 'sun/nio/fs/WindowsException'> (0x00000000ea6bdb58) thrown at [D:\src\AOSP-openjdk-cygwin\jdk8u\hotspot\src\share\vm\prims\jni.cpp, line 709]
Event: 4027.587 Thread 0x000000001ba7e800 Exception <a 'sun/nio/fs/WindowsException'> (0x00000000ea6bf6a8) thrown at [D:\src\AOSP-openjdk-cygwin\jdk8u\hotspot\src\share\vm\prims\jni.cpp, line 709]
Event: 4027.587 Thread 0x000000001ba7e800 Exception <a 'sun/nio/fs/WindowsException'> (0x00000000ea6c01e8) thrown at [D:\src\AOSP-openjdk-cygwin\jdk8u\hotspot\src\share\vm\prims\jni.cpp, line 709]
Event: 4029.721 Thread 0x000000001c466800 Exception <a 'sun/nio/fs/WindowsException'> (0x00000000e3e59a88) thrown at [D:\src\AOSP-openjdk-cygwin\jdk8u\hotspot\src\share\vm\prims\jni.cpp, line 709]
Event: 4029.992 Thread 0x000000001c470800 Exception <a 'sun/nio/fs/WindowsException'> (0x00000000e410b470) thrown at [D:\src\AOSP-openjdk-cygwin\jdk8u\hotspot\src\share\vm\prims\jni.cpp, line 709]
Event: 4030.190 Thread 0x000000001c466800 Exception <a 'java/lang/OutOfMemoryError'> (0x00000000e44b45f8) thrown at [D:\src\AOSP-openjdk-cygwin\jdk8u\hotspot\src\share\vm\prims\unsafe.cpp, line 634]

Events (10 events):
Event: 4030.207 Thread 0x000000001674b800 flushing nmethod 0x0000000003d35f90
Event: 4030.207 Thread 0x000000001674b800 flushing nmethod 0x0000000003d92d50
Event: 4030.209 Thread 0x000000001674b800 flushing nmethod 0x0000000003fb6210
Event: 4030.209 Thread 0x000000001674b800 flushing nmethod 0x00000000040234d0
Event: 4030.210 Thread 0x000000001674b800 flushing nmethod 0x0000000004060290
Event: 4030.210 Thread 0x000000001674b800 flushing nmethod 0x0000000004092f90
Event: 4030.211 Thread 0x000000001674b800 flushing nmethod 0x00000000042f34d0
Event: 4030.267 Thread 0x000000001ba88000 Thread exited: 0x000000001ba88000
Event: 4030.267 Executing VM operation: RevokeBias
Event: 4030.267 Executing VM operation: RevokeBias done


Dynamic libraries:
0x00007ff6aa810000 - 0x00007ff6aa841000 	C:\Program Files\Android\Android Studio\jre\bin\java.exe
0x00007ffff6be0000 - 0x00007ffff6dc1000 	C:\WINDOWS\SYSTEM32\ntdll.dll
0x00007ffff6ae0000 - 0x00007ffff6b92000 	C:\WINDOWS\System32\KERNEL32.DLL
0x00007ffff3cf0000 - 0x00007ffff3f63000 	C:\WINDOWS\System32\KERNELBASE.dll
0x00007ffff4580000 - 0x00007ffff4621000 	C:\WINDOWS\System32\ADVAPI32.dll
0x00007ffff40d0000 - 0x00007ffff416e000 	C:\WINDOWS\System32\msvcrt.dll
0x00007ffff4070000 - 0x00007ffff40cb000 	C:\WINDOWS\System32\sechost.dll
0x00007ffff5d50000 - 0x00007ffff5e74000 	C:\WINDOWS\System32\RPCRT4.dll
0x00007ffff4350000 - 0x00007ffff44e0000 	C:\WINDOWS\System32\USER32.dll
0x00007ffff3030000 - 0x00007ffff3050000 	C:\WINDOWS\System32\win32u.dll
0x00007ffff65e0000 - 0x00007ffff6608000 	C:\WINDOWS\System32\GDI32.dll
0x00007ffff3440000 - 0x00007ffff35d2000 	C:\WINDOWS\System32\gdi32full.dll
0x00007ffff3150000 - 0x00007ffff31ef000 	C:\WINDOWS\System32\msvcp_win.dll
0x00007ffff3f70000 - 0x00007ffff406a000 	C:\WINDOWS\System32\ucrtbase.dll
0x00007fffe5870000 - 0x00007fffe5ad9000 	C:\WINDOWS\WinSxS\amd64_microsoft.windows.common-controls_6595b64144ccf1df_6.0.17134.523_none_fb409dd930672a56\COMCTL32.dll
0x00007ffff62b0000 - 0x00007ffff65d2000 	C:\WINDOWS\System32\combase.dll
0x00007ffff2fb0000 - 0x00007ffff302a000 	C:\WINDOWS\System32\bcryptPrimitives.dll
0x00007ffff44f0000 - 0x00007ffff451d000 	C:\WINDOWS\System32\IMM32.DLL
0x0000000063760000 - 0x0000000063832000 	C:\Program Files\Android\Android Studio\jre\jre\bin\msvcr100.dll
0x0000000063880000 - 0x00000000640c1000 	C:\Program Files\Android\Android Studio\jre\jre\bin\server\jvm.dll
0x00007ffff44e0000 - 0x00007ffff44e8000 	C:\WINDOWS\System32\PSAPI.DLL
0x00007fffe4090000 - 0x00007fffe4099000 	C:\WINDOWS\SYSTEM32\WSOCK32.dll
0x00007ffff5e80000 - 0x00007ffff5eec000 	C:\WINDOWS\System32\WS2_32.dll
0x00007ffff0440000 - 0x00007ffff0463000 	C:\WINDOWS\SYSTEM32\WINMM.dll
0x00007ffff15f0000 - 0x00007ffff15fa000 	C:\WINDOWS\SYSTEM32\VERSION.dll
0x00007ffff0410000 - 0x00007ffff043a000 	C:\WINDOWS\SYSTEM32\WINMMBASE.dll
0x00007ffff3050000 - 0x00007ffff3099000 	C:\WINDOWS\System32\cfgmgr32.dll
0x00007fffebb60000 - 0x00007fffebb6f000 	C:\Program Files\Android\Android Studio\jre\jre\bin\verify.dll
0x00007fffdb6a0000 - 0x00007fffdb6c9000 	C:\Program Files\Android\Android Studio\jre\jre\bin\java.dll
0x00007fffbcfd0000 - 0x00007fffbcfe6000 	C:\Program Files\Android\Android Studio\jre\jre\bin\zip.dll
0x00007ffff4790000 - 0x00007ffff5bd0000 	C:\WINDOWS\System32\SHELL32.dll
0x00007ffff5ef0000 - 0x00007ffff5f99000 	C:\WINDOWS\System32\shcore.dll
0x00007ffff35e0000 - 0x00007ffff3ced000 	C:\WINDOWS\System32\windows.storage.dll
0x00007ffff4520000 - 0x00007ffff4571000 	C:\WINDOWS\System32\shlwapi.dll
0x00007ffff2f70000 - 0x00007ffff2f81000 	C:\WINDOWS\System32\kernel.appcore.dll
0x00007ffff2f90000 - 0x00007ffff2faf000 	C:\WINDOWS\System32\profapi.dll
0x00007ffff2f20000 - 0x00007ffff2f6c000 	C:\WINDOWS\System32\powrprof.dll
0x00007ffff2ef0000 - 0x00007ffff2efa000 	C:\WINDOWS\System32\FLTLIB.DLL
0x00007fffcfc90000 - 0x00007fffcfcaa000 	C:\Program Files\Android\Android Studio\jre\jre\bin\net.dll
0x00007ffff2710000 - 0x00007ffff2776000 	C:\WINDOWS\system32\mswsock.dll
0x00007fffbcfa0000 - 0x00007fffbcfb1000 	C:\Program Files\Android\Android Studio\jre\jre\bin\nio.dll
0x00007fffef1b0000 - 0x00007fffef1ce000 	C:\Users\IFISOL\.gradle\native\25\windows-amd64\native-platform.dll
0x00007fffecd70000 - 0x00007fffecd7d000 	C:\Program Files\Android\Android Studio\jre\jre\bin\management.dll
0x00007ffff28d0000 - 0x00007ffff28e7000 	C:\WINDOWS\SYSTEM32\CRYPTSP.dll
0x00007ffff22f0000 - 0x00007ffff2323000 	C:\WINDOWS\system32\rsaenh.dll
0x00007ffff29f0000 - 0x00007ffff2a15000 	C:\WINDOWS\SYSTEM32\bcrypt.dll
0x00007ffff2e20000 - 0x00007ffff2e48000 	C:\WINDOWS\SYSTEM32\USERENV.dll
0x00007ffff28c0000 - 0x00007ffff28cb000 	C:\WINDOWS\SYSTEM32\CRYPTBASE.dll
0x00007ffff2490000 - 0x00007ffff24c8000 	C:\WINDOWS\SYSTEM32\IPHLPAPI.DLL
0x00007ffff42e0000 - 0x00007ffff42e8000 	C:\WINDOWS\System32\NSI.dll
0x00007fffe8aa0000 - 0x00007fffe8ab6000 	C:\WINDOWS\SYSTEM32\dhcpcsvc6.DLL
0x00007fffe9f80000 - 0x00007fffe9f9a000 	C:\WINDOWS\SYSTEM32\dhcpcsvc.DLL

VM Arguments:
jvm_args: -Xmx1536m -Dfile.encoding=windows-1252 -Duser.country=US -Duser.language=en -Duser.variant 
java_command: org.gradle.launcher.daemon.bootstrap.GradleDaemon 4.4
java_class_path (initial): C:\Users\IFISOL\.gradle\wrapper\dists\gradle-4.4-all\9br9xq1tocpiv8o6njlyu5op1\gradle-4.4\lib\gradle-launcher-4.4.jar
Launcher Type: SUN_STANDARD

Environment Variables:
PATH=C:\Program Files (x86)\Common Files\Oracle\Java\javapath;C:\ProgramData\Oracle\Java\javapath;C:\WINDOWS\system32;C:\WINDOWS;C:\WINDOWS\System32\Wbem;C:\WINDOWS\System32\WindowsPowerShell\v1.0\;C:\Program Files\PuTTY\;C:\Program Files\Git\cmd;C:\WINDOWS\System32\OpenSSH\;D:\srcFlutter\flutter\bin;C:\WINDOWS\system32\config\systemprofile\.dnx\bin;C:\Program Files\Microsoft DNX\Dnvm\;C:\Program Files\Microsoft SQL Server\130\Tools\Binn\;C:\Program Files\Intel\WiFi\bin\;C:\Program Files\Common Files\Intel\WirelessCommon\;C:\xampp\php;C:\ProgramData\ComposerSetup\bin;C:\Program Files\nodejs\;C:\Users\IFISOL\AppData\Local\Microsoft\WindowsApps;C:\Program Files\Intel\WiFi\bin\;C:\Program Files\Common Files\Intel\WirelessCommon\;C:\Users\IFISOL\AppData\Roaming\Composer\vendor\bin;C:\Users\IFISOL\AppData\Roaming\npm
USERNAME=IFISOL
OS=Windows_NT
PROCESSOR_IDENTIFIER=Intel64 Family 6 Model 58 Stepping 9, GenuineIntel



---------------  S Y S T E M  ---------------

OS: Windows 10.0 , 64 bit Build 17134 (10.0.17134.1)

CPU:total 4 (initial active 4) (2 cores per cpu, 2 threads per core) family 6 model 58 stepping 9, cmov, cx8, fxsr, mmx, sse, sse2, sse3, ssse3, sse4.1, sse4.2, popcnt, avx, aes, clmul, erms, ht, tsc, tscinvbit, tscinv

Memory: 4k page, physical 16342900k(4197756k free), swap 19302260k(5976k free)

vm_info: OpenJDK 64-Bit Server VM (25.152-b06) for windows-amd64 JRE (1.8.0_152-release-1136-b06), built by "builder" with MS VC++ 10.0 (VS2010)

time: Thu Feb 07 12:58:04 2019
elapsed time: 4030 seconds (0d 1h 7m 10s)

